[INFO ][2014-10-18 13:15:50,762] - Root WebApplicationContext: initialization started
[INFO ][2014-10-18 13:15:50,862] - Refreshing Root WebApplicationContext: startup date [Sat Oct 18 13:15:50 CST 2014]; root of context hierarchy
[INFO ][2014-10-18 13:15:50,913] - Loading XML bean definitions from URL [file:/Users/rkzhang/Documents/widding_workspace/wedding/wedding-home/target/classes/spring-config/applicationContext.xml]
[INFO ][2014-10-18 13:15:51,299] - Loading XML bean definitions from URL [file:/Users/rkzhang/Documents/widding_workspace/wedding/wedding-home/target/classes/spring-config/persistence.xml]
[INFO ][2014-10-18 13:15:51,345] - Loading XML bean definitions from URL [file:/Users/rkzhang/Documents/widding_workspace/wedding/wedding-home/target/classes/spring-config/redis-persistence.xml]
[INFO ][2014-10-18 13:15:51,367] - Loading XML bean definitions from URL [file:/Users/rkzhang/Documents/widding_workspace/wedding/wedding-home/target/classes/spring-config/spring-mail.xml]
[INFO ][2014-10-18 13:15:51,831] - Pre-instantiating singletons in org.springframework.beans.factory.support.DefaultListableBeanFactory@62b81b64: defining beans [app,addressViewController,appointController,ordersController,rightsCenterController,sellerController,shopController,shopSiteController,unitTestCaseController,userAccountController,userEvaluateController,userFavoriteController,userOrderController,usersController,usersSiteController,weedingToolsController,withDrawController,adminAccountDao,rightsCenterDao,userAccountDao,userEvaluateDao,userFavoriteDao,usersDao,userSiteTotalDao,usersSiteDao,adminAccountServiceImpl,rightsCenterServiceImpl,userAccountServiceImpl,userEvaluateServiceImpl,userFavoriteServiceImpl,userSiteTotalServiceImpl,usersServiceImpl,usersSiteServiceImpl,redisKeyResolver,wdRedisDao,simpleSendEmailUtils,appointDao,orderDao,orderItemsDao,orderManageDao,withDrawDao,appointServiceImpl,orderConstantsServiceImpl,orderItemServiceImpl,orderManageServiceImpl,orderServiceImpl,withDrawServiceImpl,sellerDao,sellerManageDao,sellerProfileDao,shopDao,sellerConstantsServiceImpl,sellerManageServiceImpl,sellerProfileServiceImpl,sellerServiceImpl,shopServiceImpl,addressesDao,addressesViewDao,articleDao,toolsGoodDayDao,toolsNoteDao,toolsWeddingGovDao,areaDtoPump,addressesViewServiceImpl,areaQueryServiceImpl,articleServiceImpl,toolsGoodDayServiceImpl,toolsNoteServiceImpl,toolsWeddingGovServiceImpl,itemsDao,itemsServiceImpl,org.springframework.context.annotation.internalConfigurationAnnotationProcessor,org.springframework.context.annotation.internalAutowiredAnnotationProcessor,org.springframework.context.annotation.internalRequiredAnnotationProcessor,org.springframework.context.annotation.internalCommonAnnotationProcessor,dataSource,transactionManager,sqlSessionFactory,org.mybatis.spring.mapper.MapperScannerConfigurer#0,org.springframework.aop.config.internalAutoProxyCreator,org.springframework.transaction.annotation.AnnotationTransactionAttributeSource#0,org.springframework.transaction.interceptor.TransactionInterceptor#0,org.springframework.transaction.config.internalTransactionAdvisor,jedisPoolConfig,jedisConnectionFactory,org.springframework.data.redis.core.RedisTemplate#0,mailSender,freeMarker,org.springframework.context.annotation.ConfigurationClassPostProcessor.importAwareProcessor,itemsDescMapper,itemsMapper,adminAccountMapper,rightsCenterMapper,userAccountMapper,userEvaluateMapper,userFavoriteMapper,userSiteMapper,userSiteTotalMapper,usersMapper,appointMapper,orderItemsMapper,orderManageMapper,ordersMapper,withDrawMapper,sellerManageMapper,sellerMapper,sellerProfileMapper,shopMapper,shopSiteMapper,addressesExMapper,addressesMapper,addressesQueryViewMapper,addressesViewMapper,articleMapper,toolsGoodDayMapper,toolsNoteMapper,toolsWeddingGovMapper]; root of factory hierarchy
[INFO ][2014-10-18 13:15:51,850] - Loading properties file from class path resource [application.properties]
[INFO ][2014-10-18 13:15:53,444] - ClassTemplateLoader for Spring macros added to FreeMarker configuration
[INFO ][2014-10-18 13:15:53,725] - Root WebApplicationContext: initialization completed in 2962 ms
[INFO ][2014-10-18 13:15:53,725] - ###### wedding-home application start ######
[INFO ][2014-10-18 13:15:53,771] - FrameworkServlet 'appServlet': initialization started
[INFO ][2014-10-18 13:15:53,775] - Refreshing WebApplicationContext for namespace 'appServlet-servlet': startup date [Sat Oct 18 13:15:53 CST 2014]; parent: Root WebApplicationContext
[INFO ][2014-10-18 13:15:53,776] - Loading XML bean definitions from URL [file:/Users/rkzhang/Documents/widding_workspace/wedding/wedding-home/target/classes/spring-config/servlet-context.xml]
[INFO ][2014-10-18 13:15:53,860] - Pre-instantiating singletons in org.springframework.beans.factory.support.DefaultListableBeanFactory@47d865f2: defining beans [addressViewController,appointController,ordersController,rightsCenterController,sellerController,shopController,shopSiteController,unitTestCaseController,userAccountController,userEvaluateController,userFavoriteController,userOrderController,usersController,usersSiteController,weedingToolsController,withDrawController,org.springframework.context.annotation.internalConfigurationAnnotationProcessor,org.springframework.context.annotation.internalAutowiredAnnotationProcessor,org.springframework.context.annotation.internalRequiredAnnotationProcessor,org.springframework.context.annotation.internalCommonAnnotationProcessor,org.springframework.web.servlet.view.InternalResourceViewResolver#0,org.springframework.web.servlet.view.freemarker.FreeMarkerViewResolver#0,org.springframework.web.servlet.handler.MappedInterceptor#0,org.springframework.web.servlet.mvc.annotation.AnnotationMethodHandlerAdapter#0,stringHttpMessageConverter,jsonHttpMessageConverter,exceptionResolver,org.springframework.context.annotation.ConfigurationClassPostProcessor.importAwareProcessor]; parent: org.springframework.beans.factory.support.DefaultListableBeanFactory@62b81b64
[INFO ][2014-10-18 13:15:53,911] - Destroying singletons in org.springframework.beans.factory.support.DefaultListableBeanFactory@47d865f2: defining beans [addressViewController,appointController,ordersController,rightsCenterController,sellerController,shopController,shopSiteController,unitTestCaseController,userAccountController,userEvaluateController,userFavoriteController,userOrderController,usersController,usersSiteController,weedingToolsController,withDrawController,org.springframework.context.annotation.internalConfigurationAnnotationProcessor,org.springframework.context.annotation.internalAutowiredAnnotationProcessor,org.springframework.context.annotation.internalRequiredAnnotationProcessor,org.springframework.context.annotation.internalCommonAnnotationProcessor,org.springframework.web.servlet.view.InternalResourceViewResolver#0,org.springframework.web.servlet.view.freemarker.FreeMarkerViewResolver#0,org.springframework.web.servlet.handler.MappedInterceptor#0,org.springframework.web.servlet.mvc.annotation.AnnotationMethodHandlerAdapter#0,stringHttpMessageConverter,jsonHttpMessageConverter,exceptionResolver,org.springframework.context.annotation.ConfigurationClassPostProcessor.importAwareProcessor]; parent: org.springframework.beans.factory.support.DefaultListableBeanFactory@62b81b64
[ERROR][2014-10-18 13:15:53,912] - Context initialization failed
org.springframework.beans.factory.UnsatisfiedDependencyException: Error creating bean with name 'org.springframework.web.servlet.view.InternalResourceViewResolver#0' defined in URL [file:/Users/rkzhang/Documents/widding_workspace/wedding/wedding-home/target/classes/spring-config/servlet-context.xml]: Unsatisfied dependency expressed through bean property 'attributes': : No qualifying bean of type [java.util.Properties] is defined: expected single matching bean but found 2: systemProperties,app; nested exception is org.springframework.beans.factory.NoUniqueBeanDefinitionException: No qualifying bean of type [java.util.Properties] is defined: expected single matching bean but found 2: systemProperties,app
	at org.springframework.beans.factory.support.AbstractAutowireCapableBeanFactory.autowireByType(AbstractAutowireCapableBeanFactory.java:1239)
	at org.springframework.beans.factory.support.AbstractAutowireCapableBeanFactory.populateBean(AbstractAutowireCapableBeanFactory.java:1131)
	at org.springframework.beans.factory.support.AbstractAutowireCapableBeanFactory.doCreateBean(AbstractAutowireCapableBeanFactory.java:519)
	at org.springframework.beans.factory.support.AbstractAutowireCapableBeanFactory.createBean(AbstractAutowireCapableBeanFactory.java:458)
	at org.springframework.beans.factory.support.AbstractBeanFactory$1.getObject(AbstractBeanFactory.java:296)
	at org.springframework.beans.factory.support.DefaultSingletonBeanRegistry.getSingleton(DefaultSingletonBeanRegistry.java:223)
	at org.springframework.beans.factory.support.AbstractBeanFactory.doGetBean(AbstractBeanFactory.java:293)
	at org.springframework.beans.factory.support.AbstractBeanFactory.getBean(AbstractBeanFactory.java:194)
	at org.springframework.beans.factory.support.DefaultListableBeanFactory.preInstantiateSingletons(DefaultListableBeanFactory.java:628)
	at org.springframework.context.support.AbstractApplicationContext.finishBeanFactoryInitialization(AbstractApplicationContext.java:932)
	at org.springframework.context.support.AbstractApplicationContext.refresh(AbstractApplicationContext.java:479)
	at org.springframework.web.servlet.FrameworkServlet.configureAndRefreshWebApplicationContext(FrameworkServlet.java:651)
	at org.springframework.web.servlet.FrameworkServlet.createWebApplicationContext(FrameworkServlet.java:602)
	at org.springframework.web.servlet.FrameworkServlet.createWebApplicationContext(FrameworkServlet.java:665)
	at org.springframework.web.servlet.FrameworkServlet.initWebApplicationContext(FrameworkServlet.java:521)
	at org.springframework.web.servlet.FrameworkServlet.initServletBean(FrameworkServlet.java:462)
	at org.springframework.web.servlet.HttpServletBean.init(HttpServletBean.java:136)
	at javax.servlet.GenericServlet.init(GenericServlet.java:242)
	at org.eclipse.jetty.servlet.ServletHolder.initServlet(ServletHolder.java:456)
	at org.eclipse.jetty.servlet.ServletHolder.doStart(ServletHolder.java:276)
	at org.eclipse.jetty.util.component.AbstractLifeCycle.start(AbstractLifeCycle.java:59)
	at org.eclipse.jetty.servlet.ServletHandler.initialize(ServletHandler.java:776)
	at org.eclipse.jetty.servlet.ServletContextHandler.startContext(ServletContextHandler.java:255)
	at org.eclipse.jetty.webapp.WebAppContext.startContext(WebAppContext.java:1212)
	at org.eclipse.jetty.server.handler.ContextHandler.doStart(ContextHandler.java:610)
	at org.eclipse.jetty.webapp.WebAppContext.doStart(WebAppContext.java:453)
	at org.eclipse.jetty.util.component.AbstractLifeCycle.start(AbstractLifeCycle.java:59)
	at org.eclipse.jetty.server.handler.HandlerWrapper.doStart(HandlerWrapper.java:89)
	at org.eclipse.jetty.server.Server.doStart(Server.java:262)
	at org.eclipse.jetty.util.component.AbstractLifeCycle.start(AbstractLifeCycle.java:59)
	at runjettyrun.Bootstrap.main(Bootstrap.java:80)
Caused by: org.springframework.beans.factory.NoUniqueBeanDefinitionException: No qualifying bean of type [java.util.Properties] is defined: expected single matching bean but found 2: systemProperties,app
	at org.springframework.beans.factory.support.DefaultListableBeanFactory.doResolveDependency(DefaultListableBeanFactory.java:865)
	at org.springframework.beans.factory.support.DefaultListableBeanFactory.resolveDependency(DefaultListableBeanFactory.java:770)
	at org.springframework.beans.factory.support.AbstractAutowireCapableBeanFactory.autowireByType(AbstractAutowireCapableBeanFactory.java:1224)
	... 30 more
